<?xml version="1.0" encoding="UTF-8"?>
<testng-results ignored="0" total="1" passed="1" failed="0" skipped="0">
  <reporter-output>
  </reporter-output>
  <suite started-at="2024-07-01T11:30:10 IST" name="Default suite" finished-at="2024-07-01T11:31:14 IST" duration-ms="63692">
    <groups>
    </groups>
    <test started-at="2024-07-01T11:30:10 IST" name="Default test" finished-at="2024-07-01T11:31:14 IST" duration-ms="63692">
      <class name="com.automation.utility.LoginPageTest">
        <test-method is-config="true" signature="loadConfig()[pri:0, instance:com.automation.utility.LoginPageTest@3f4faf53]" started-at="2024-07-01T11:30:10 IST" name="loadConfig" finished-at="2024-07-01T11:30:10 IST" duration-ms="15" status="PASS">
          <reporter-output>
          </reporter-output>
        </test-method> <!-- loadConfig -->
        <test-method is-config="true" signature="setup()[pri:0, instance:com.automation.utility.LoginPageTest@3f4faf53]" started-at="2024-07-01T11:30:10 IST" name="setup" finished-at="2024-07-01T11:31:08 IST" duration-ms="57674" status="PASS">
          <reporter-output>
          </reporter-output>
        </test-method> <!-- setup -->
        <test-method signature="LoginTest()[pri:0, instance:com.automation.utility.LoginPageTest@3f4faf53]" started-at="2024-07-01T11:31:08 IST" name="LoginTest" finished-at="2024-07-01T11:31:14 IST" duration-ms="5978" status="PASS">
          <reporter-output>
          </reporter-output>
        </test-method> <!-- LoginTest -->
      </class> <!-- com.automation.utility.LoginPageTest -->
    </test> <!-- Default test -->
  </suite> <!-- Default suite -->
</testng-results>
